<?xml version="1.0" encoding="UTF-8"?>
<!-- Generated by org.testng.reporters.JUnitReportReporter -->
<testsuite hostname="Jakes-MacBook-Pro-2.local" failures="0" tests="3" name="com.bnta.MenuServiceTest" time="0.000" errors="0" timestamp="2022-02-16T21:28:09 GMT" skipped="0">
  <testcase classname="com.bnta.MenuServiceTest" name="testManagerLogin" time="0.000"/>
  <system-out/>
  <testcase classname="com.bnta.MenuServiceTest" name="testMainMenu" time="0.000"/>
  <system-out/>
  <testcase classname="com.bnta.MenuServiceTest" name="testGetMenuOptions" time="0.000"/>
  <system-out/>
</testsuite> <!-- com.bnta.MenuServiceTest -->
