<?xml version="1.0" encoding="UTF-8"?>
<!-- Generated by org.testng.reporters.JUnitReportReporter -->
<testsuite hostname="Jakes-MacBook-Pro-2.local" failures="0" tests="1" name="Testing" time="0.044" errors="0" timestamp="2022-02-16T21:28:09 GMT" skipped="0">
  <testcase classname="Testing" name="example" time="0.044"/>
  <system-out/>
</testsuite> <!-- Testing -->
